<?xml version="1.0" encoding="UTF-8"?>
<testng-results ignored="0" total="1" passed="1" failed="0" skipped="0">
  <reporter-output>
  </reporter-output>
  <suite started-at="2023-11-28T01:22:00 IST" name="TMobile" finished-at="2023-11-28T01:23:56 IST" duration-ms="115905">
    <groups>
    </groups>
    <test started-at="2023-11-28T01:22:00 IST" name="FilterSearchOption" finished-at="2023-11-28T01:23:56 IST" duration-ms="115905">
      <class name="Assignment.TMobile.Filter">
        <test-method is-config="true" signature="setUp()[pri:0, instance:Assignment.TMobile.Filter@393671df]" started-at="2023-11-28T01:22:00 IST" name="setUp" finished-at="2023-11-28T01:23:37 IST" duration-ms="97475" status="PASS">
          <reporter-output>
          </reporter-output>
        </test-method> <!-- setUp -->
        <test-method signature="test_Filter()[pri:0, instance:Assignment.TMobile.Filter@393671df]" started-at="2023-11-28T01:23:38 IST" name="test_Filter" finished-at="2023-11-28T01:23:54 IST" duration-ms="16837" status="PASS">
          <reporter-output>
          </reporter-output>
        </test-method> <!-- test_Filter -->
        <test-method is-config="true" signature="tearDown()[pri:0, instance:Assignment.TMobile.Filter@393671df]" started-at="2023-11-28T01:23:54 IST" name="tearDown" finished-at="2023-11-28T01:23:56 IST" duration-ms="1380" status="PASS">
          <reporter-output>
          </reporter-output>
        </test-method> <!-- tearDown -->
      </class> <!-- Assignment.TMobile.Filter -->
    </test> <!-- FilterSearchOption -->
  </suite> <!-- TMobile -->
</testng-results>
