<?xml version="1.0" encoding="UTF-8"?>
<testng-results ignored="0" total="1" passed="1" failed="0" skipped="0">
  <reporter-output>
  </reporter-output>
  <suite started-at="2023-11-28T01:09:20 IST" name="TMobile" finished-at="2023-11-28T01:13:35 IST" duration-ms="255249">
    <groups>
    </groups>
    <test started-at="2023-11-28T01:09:20 IST" name="FilterSearchOption" finished-at="2023-11-28T01:13:35 IST" duration-ms="255249">
      <class name="Assignment.TMobile.Filter">
        <test-method is-config="true" signature="setUp()[pri:0, instance:Assignment.TMobile.Filter@8f4ea7c]" started-at="2023-11-28T01:09:20 IST" name="setUp" finished-at="2023-11-28T01:13:06 IST" duration-ms="226009" status="PASS">
          <reporter-output>
          </reporter-output>
        </test-method> <!-- setUp -->
        <test-method signature="test_Filter()[pri:0, instance:Assignment.TMobile.Filter@8f4ea7c]" started-at="2023-11-28T01:13:10 IST" name="test_Filter" finished-at="2023-11-28T01:13:32 IST" duration-ms="21355" status="PASS">
          <reporter-output>
          </reporter-output>
        </test-method> <!-- test_Filter -->
        <test-method is-config="true" signature="tearDown()[pri:0, instance:Assignment.TMobile.Filter@8f4ea7c]" started-at="2023-11-28T01:13:32 IST" name="tearDown" finished-at="2023-11-28T01:13:35 IST" duration-ms="3590" status="PASS">
          <reporter-output>
          </reporter-output>
        </test-method> <!-- tearDown -->
      </class> <!-- Assignment.TMobile.Filter -->
    </test> <!-- FilterSearchOption -->
  </suite> <!-- TMobile -->
</testng-results>
